2020-10-30 14:31:50,149 - root - INFO - [www]login ftp 220 Microsoft FTP Service
2020-10-30 14:31:50,184 - root - INFO - connect successfully
2020-10-30 14:34:19,627 - root - INFO - [www]login ftp 220 Microsoft FTP Service
2020-10-30 14:34:19,634 - root - INFO - connect successfully
2020-10-30 14:34:30,233 - root - INFO - [www]login ftp 220 Microsoft FTP Service
2020-10-30 14:34:30,237 - root - INFO - connect successfully
2020-10-30 14:37:28,990 - root - INFO - [www]login ftp 220 Microsoft FTP Service
2020-10-30 14:37:28,996 - root - INFO - connect successfully
2020-10-30 14:39:48,081 - root - INFO - [www]login ftp 220 Microsoft FTP Service
2020-10-30 14:39:48,087 - root - INFO - connect successfully
2020-10-30 14:39:58,528 - root - INFO - [www]login ftp 220 Microsoft FTP Service
2020-10-30 14:39:58,533 - root - INFO - connect successfully
2020-10-30 14:40:12,882 - root - INFO - [www]login ftp 220 Microsoft FTP Service
2020-10-30 14:40:12,887 - root - INFO - connect successfully
2020-10-30 14:40:22,935 - root - INFO - [www]login ftp 220 Microsoft FTP Service
2020-10-30 14:40:22,949 - root - INFO - connect successfully
2020-10-30 14:41:05,712 - root - INFO - [www]login ftp 220 Microsoft FTP Service
2020-10-30 14:41:05,717 - root - INFO - connect successfully
2020-10-30 14:46:12,975 - root - INFO - [www]login ftp 220 Microsoft FTP Service
2020-10-30 14:46:12,980 - root - INFO - connect successfully
2020-10-30 14:47:05,498 - root - INFO - [www]login ftp 220 Microsoft FTP Service
2020-10-30 14:47:11,165 - root - INFO - [www]login ftp 220 Microsoft FTP Service
2020-10-30 14:47:48,578 - root - INFO - [www]login ftp 220 Microsoft FTP Service
2020-10-30 14:47:48,584 - root - INFO - connect successfully
2020-10-30 14:52:50,903 - root - INFO - [www]login ftp 220 Microsoft FTP Service
2020-10-30 14:52:50,912 - root - INFO - connect successfully
2020-10-30 14:56:14,439 - root - INFO - [www]login ftp 220 Microsoft FTP Service
2020-10-30 14:56:14,445 - root - INFO - connect successfully
2020-10-30 14:56:31,859 - root - INFO - [www]login ftp 220 Microsoft FTP Service
2020-10-30 14:56:31,865 - root - INFO - connect successfully
2020-10-30 14:57:07,068 - root - INFO - [www]login ftp 220 Microsoft FTP Service
2020-10-30 14:57:07,074 - root - INFO - connect successfully
2020-10-30 14:57:16,262 - root - INFO - [www]login ftp 220 Microsoft FTP Service
2020-10-30 14:57:16,269 - root - INFO - connect successfully
2020-10-30 14:57:47,314 - root - INFO - [www]login ftp 220 Microsoft FTP Service
2020-10-30 14:57:47,319 - root - INFO - connect successfully
2020-10-30 14:57:54,359 - root - INFO - [www]login ftp 220 Microsoft FTP Service
2020-10-30 14:57:54,364 - root - INFO - connect successfully
2020-10-30 14:58:22,767 - root - INFO - [www]login ftp 220 Microsoft FTP Service
2020-10-30 14:58:22,772 - root - INFO - connect successfully
2020-10-30 14:58:28,898 - root - INFO - [www]login ftp 220 Microsoft FTP Service
2020-10-30 14:58:28,902 - root - INFO - connect successfully
2020-10-30 15:09:43,116 - root - INFO - [www]login ftp 220 Microsoft FTP Service
2020-10-30 15:09:43,122 - root - INFO - connect successfully
2020-10-30 15:10:06,773 - root - INFO - [www]login ftp 220 Microsoft FTP Service
2020-10-30 15:10:06,798 - root - INFO - connect successfully
2020-10-30 15:10:19,192 - root - INFO - [www]login ftp 220 Microsoft FTP Service
2020-10-30 15:10:19,196 - root - INFO - connect successfully
2020-10-30 15:10:55,731 - root - INFO - [www]login ftp 220 Microsoft FTP Service
2020-10-30 15:10:55,735 - root - INFO - connect successfully
2020-10-30 15:11:05,756 - root - INFO - [www]login ftp 220 Microsoft FTP Service
2020-10-30 15:11:05,762 - root - INFO - connect successfully
2020-10-30 15:11:23,629 - root - INFO - [www]login ftp 220 Microsoft FTP Service
2020-10-30 15:11:23,632 - root - INFO - connect successfully
2020-10-30 15:11:36,297 - root - INFO - [www]login ftp 220 Microsoft FTP Service
2020-10-30 15:11:36,300 - root - INFO - connect successfully
2020-10-30 15:12:33,402 - root - INFO - [www]login ftp 220 Microsoft FTP Service
2020-10-30 15:12:33,426 - root - INFO - connect successfully
2020-10-30 15:12:45,403 - root - INFO - [www]login ftp 220 Microsoft FTP Service
2020-10-30 15:12:45,408 - root - INFO - connect successfully
2020-10-30 15:12:51,012 - root - INFO - [www]login ftp 220 Microsoft FTP Service
2020-10-30 15:12:51,017 - root - INFO - connect successfully
2020-10-30 15:19:25,052 - root - INFO - [www]login ftp 220 Microsoft FTP Service
2020-10-30 15:19:25,058 - root - INFO - connect successfully
2020-10-30 15:21:57,460 - root - INFO - [www]login ftp 220 Microsoft FTP Service
2020-10-30 15:21:57,476 - root - INFO - connect successfully
2020-10-30 15:22:06,867 - root - INFO - [www]login ftp 220 Microsoft FTP Service
2020-10-30 15:22:06,881 - root - INFO - connect successfully
2020-10-30 15:22:14,080 - root - INFO - [www]login ftp 220 Microsoft FTP Service
2020-10-30 15:22:14,085 - root - INFO - connect successfully
2020-10-30 15:51:59,216 - root - INFO - [www]login ftp 220 Microsoft FTP Service
2020-10-30 15:51:59,221 - root - INFO - connect successfully
2020-10-30 15:52:12,276 - root - INFO - [www]login ftp 220 Microsoft FTP Service
2020-10-30 15:52:24,913 - root - INFO - [www]login ftp 220 Microsoft FTP Service
2020-10-30 16:03:12,193 - root - INFO - [www]login ftp 220 Microsoft FTP Service
2020-10-30 16:03:12,195 - root - INFO - connect successfully
2020-10-30 16:03:12,229 - root - INFO - select data success
2020-10-30 16:03:12,232 - root - INFO - select data success
2020-10-30 16:03:12,234 - root - INFO - select data success
2020-10-30 16:03:12,235 - root - INFO - select data success
2020-10-30 16:03:12,236 - root - INFO - select data success
2020-10-30 16:03:12,237 - root - INFO - select data success
2020-10-30 16:03:12,238 - root - ERROR - 550-Access is denied. 
 Win32 error:   Access is denied. 
 Error details: File system denied the access.
550 End
2020-10-30 16:03:12,238 - root - ERROR - list index out of range
2020-10-30 16:04:47,296 - root - INFO - [www]login ftp 220 Microsoft FTP Service
2020-10-30 16:04:47,298 - root - INFO - connect successfully
2020-10-30 16:04:47,302 - root - ERROR - 550-Access is denied. 
 Win32 error:   Access is denied. 
 Error details: File system denied the access.
550 End
2020-10-30 16:05:23,793 - root - INFO - [www]login ftp 220 Microsoft FTP Service
2020-10-30 16:05:23,806 - root - INFO - connect successfully
2020-10-30 16:05:37,667 - root - INFO - [www]login ftp 220 Microsoft FTP Service
2020-10-30 16:05:37,671 - root - INFO - connect successfully
2020-10-30 16:05:37,676 - root - INFO - select data success
2020-10-30 16:05:37,677 - root - INFO - select data success
2020-10-30 16:05:37,678 - root - INFO - select data success
2020-10-30 16:05:37,679 - root - INFO - select data success
2020-10-30 16:05:37,680 - root - INFO - select data success
2020-10-30 16:05:37,681 - root - INFO - select data success
2020-10-30 16:08:14,507 - root - INFO - [www]login ftp 220 Microsoft FTP Service
2020-10-30 16:08:14,510 - root - INFO - connect successfully
2020-10-30 16:08:14,524 - root - INFO - select data success
2020-10-30 16:08:14,525 - root - INFO - select data success
2020-10-30 16:08:14,527 - root - INFO - select data success
2020-10-30 16:08:14,528 - root - INFO - select data success
2020-10-30 16:08:14,529 - root - INFO - select data success
2020-10-30 16:08:14,531 - root - INFO - select data success
2020-10-30 16:08:57,102 - root - INFO - [www]login ftp 220 Microsoft FTP Service
2020-10-30 16:08:57,114 - root - INFO - connect successfully
2020-10-30 16:09:08,920 - root - INFO - [www]login ftp 220 Microsoft FTP Service
2020-10-30 16:09:08,923 - root - INFO - connect successfully
2020-10-30 16:09:08,927 - root - INFO - select data success
2020-10-30 16:09:08,928 - root - INFO - select data success
2020-10-30 16:09:08,929 - root - INFO - select data success
2020-10-30 16:09:08,931 - root - INFO - select data success
2020-10-30 16:09:08,932 - root - INFO - select data success
2020-10-30 16:09:08,933 - root - INFO - select data success
2020-10-30 16:09:23,851 - root - INFO - [www]login ftp 220 Microsoft FTP Service
2020-10-30 16:09:23,854 - root - INFO - connect successfully
2020-10-30 16:09:23,858 - root - INFO - select data success
2020-10-30 16:09:23,858 - root - INFO - select data success
2020-10-30 16:09:23,860 - root - INFO - select data success
2020-10-30 16:09:23,861 - root - INFO - select data success
2020-10-30 16:09:23,861 - root - INFO - select data success
2020-10-30 16:09:23,862 - root - INFO - select data success
